生成启动时间为 2015/9/25 8:55:48。
     1>项目“E:\vc++\leetcode\ThreeSum_9_24\ThreeSum_9_24\ThreeSum_9_24.vcxproj”在节点 2 上(Build 个目标)。
     1>ClCompile:
         D:\Visual Studio 12.0\VC\bin\CL.exe /c /ZI /nologo /W3 /WX- /Od /Oy- /D WIN32 /D _DEBUG /D _CONSOLE /D _LIB /D _UNICODE /D UNICODE /Gm /EHsc /RTC1 /MDd /GS /fp:precise /Zc:wchar_t /Zc:forScope /Fo"Debug\\" /Fd"Debug\vc120.pdb" /Gd /TP /analyze- /errorReport:prompt main.cpp
         main.cpp
     1>d:\visual studio 12.0\vc\include\algorithm(3009): error C3892: “_First”: 不能给常量赋值
                 d:\visual studio 12.0\vc\include\algorithm(3026): 参见对正在编译的函数 模板 实例化“void std::_Insertion_sort1<_BidIt,_Pr,int>(_BidIt,_BidIt,_Pr,_Ty *)”的引用
                 with
                 [
                     _BidIt=const int *
         ,            _Pr=std::less<void>
         ,            _Ty=int
                 ]
                 d:\visual studio 12.0\vc\include\algorithm(3148): 参见对正在编译的函数 模板 实例化“void std::_Insertion_sort<_RanIt,_Pr>(_BidIt,_BidIt,_Pr)”的引用
                 with
                 [
                     _RanIt=const int *
         ,            _Pr=std::less<void>
         ,            _BidIt=const int *
                 ]
                 d:\visual studio 12.0\vc\include\algorithm(3157): 参见对正在编译的函数 模板 实例化“void std::_Sort<const int*,__w64 int,_Pr>(_RanIt,_RanIt,_Diff,_Pr)”的引用
                 with
                 [
                     _Pr=std::less<void>
         ,            _RanIt=const int *
         ,            _Diff=__w64 int
                 ]
                 d:\visual studio 12.0\vc\include\algorithm(3164): 参见对正在编译的函数 模板 实例化“void std::sort<_RanIt,std::less<void>>(_RanIt,_RanIt,_Pr)”的引用
                 with
                 [
                     _RanIt=std::_Vector_const_iterator<std::_Vector_val<std::_Simple_types<int>>>
         ,            _Pr=std::less<void>
                 ]
                 e:\vc++\leetcode\threesum_9_24\threesum_9_24\main.cpp(33): 参见对正在编译的函数 模板 实例化“void std::sort<std::_Vector_const_iterator<std::_Vector_val<std::_Simple_types<int>>>>(_RanIt,_RanIt)”的引用
                 with
                 [
                     _RanIt=std::_Vector_const_iterator<std::_Vector_val<std::_Simple_types<int>>>
                 ]
     1>d:\visual studio 12.0\vc\include\algorithm(3016): error C3892: “_Next1”: 不能给常量赋值
     1>d:\visual studio 12.0\vc\include\algorithm(3017): error C3892: “_Next1”: 不能给常量赋值
     1>已完成生成项目“E:\vc++\leetcode\ThreeSum_9_24\ThreeSum_9_24\ThreeSum_9_24.vcxproj”(Build 个目标)的操作 - 失败。

生成失败。

已用时间 00:00:00.40
