生成启动时间为 2015/10/9 21:39:55。
     1>项目“E:\vc++\leetcode\singleNumber2_10_9\singleNumber2_10_9\singleNumber2_10_9.vcxproj”在节点 2 上(Build 个目标)。
     1>ClCompile:
         D:\Visual Studio 12.0\VC\bin\CL.exe /c /ZI /nologo /W3 /WX- /Od /Oy- /D WIN32 /D _DEBUG /D _CONSOLE /D _LIB /D _UNICODE /D UNICODE /Gm /EHsc /RTC1 /MDd /GS /fp:precise /Zc:wchar_t /Zc:forScope /Fo"Debug\\" /Fd"Debug\vc120.pdb" /Gd /TP /analyze- /errorReport:prompt main.cpp
         main.cpp
     1>e:\vc++\leetcode\singlenumber2_10_9\singlenumber2_10_9\main.cpp(56): warning C4018: “<”: 有符号/无符号不匹配
     1>d:\visual studio 12.0\vc\include\xutility(2715): warning C4996: 'std::_Fill_n': Function call with parameters that may be unsafe - this call relies on the caller to check that the passed values are correct. To disable this warning, use -D_SCL_SECURE_NO_WARNINGS. See documentation on how to use Visual C++ 'Checked Iterators'
                 d:\visual studio 12.0\vc\include\xutility(2701) : 参见“std::_Fill_n”的声明
                 e:\vc++\leetcode\singlenumber2_10_9\singlenumber2_10_9\main.cpp(36): 参见对正在编译的函数 模板 实例化“_OutIt std::fill_n<int*,int,int>(_OutIt,_Diff,const _Ty &)”的引用
                 with
                 [
                     _OutIt=int *
         ,            _Diff=int
         ,            _Ty=int
                 ]
       Link:
         D:\Visual Studio 12.0\VC\bin\link.exe /ERRORREPORT:PROMPT /OUT:"E:\vc++\leetcode\singleNumber2_10_9\Debug\singleNumber2_10_9.exe" /INCREMENTAL /NOLOGO kernel32.lib user32.lib gdi32.lib winspool.lib comdlg32.lib advapi32.lib shell32.lib ole32.lib oleaut32.lib uuid.lib odbc32.lib odbccp32.lib /MANIFEST /MANIFESTUAC:"level='asInvoker' uiAccess='false'" /manifest:embed /DEBUG /PDB:"E:\vc++\leetcode\singleNumber2_10_9\Debug\singleNumber2_10_9.pdb" /SUBSYSTEM:CONSOLE /TLBID:1 /DYNAMICBASE /NXCOMPAT /IMPLIB:"E:\vc++\leetcode\singleNumber2_10_9\Debug\singleNumber2_10_9.lib" /MACHINE:X86 Debug\main.obj
         singleNumber2_10_9.vcxproj -> E:\vc++\leetcode\singleNumber2_10_9\Debug\singleNumber2_10_9.exe
     1>已完成生成项目“E:\vc++\leetcode\singleNumber2_10_9\singleNumber2_10_9\singleNumber2_10_9.vcxproj”(Build 个目标)的操作。

生成成功。

已用时间 00:00:01.14
